Arguments: 
  /usr/local/bin/node /usr/share/yarn/bin/yarn.js install

PATH: 
  /usr/local/sbin:/usr/local/bin:/usr/sbin:/usr/bin:/sbin:/bin:/usr/games:/usr/local/games:/snap/bin:/home/bhagya/Android/Sdk/tools:/home/bhagya/Android/Sdk/tools/bin:/home/bhagya/Android/Sdk/platform-tools:/home/bhagya/Android/Sdk/emulator

Yarn version: 
  1.6.0

Node version: 
  11.4.0

Platform: 
  linux x64

Trace: 
  SyntaxError: /home/bhagya/workspace/native/project/aaayopayo/package.json: Unexpected token } in JSON at position 861
      at JSON.parse (<anonymous>)
      at /usr/share/yarn/lib/cli.js:1130:59
      at Generator.next (<anonymous>)
      at step (/usr/share/yarn/lib/cli.js:98:30)
      at /usr/share/yarn/lib/cli.js:109:13

npm manifest: 
  {
    "name": "empty-project-template",
    "main": "node_modules/expo/AppEntry.js",
    "private": true,
    "scripts": {
      "start": "expo start",
      "android": "expo start --android",
      "ios": "expo start --ios",
      "eject": "expo eject"
    },
    "dependencies": {
      "@expo/videoplayer": "^0.4.0",
      "axios": "^0.18.0",
      "date-fns": "^1.30.1",
      "expo": "^31.0.2",
      "moment": "^2.23.0",
      "native-base": "^2.8.1",
      "prop-types": "^15.6.2",
      "querystring": "^0.2.0",
      "react": "16.5.0",
      "react-native": "https://github.com/expo/react-native/archive/sdk-31.0.0.tar.gz",
      "react-native-datepicker": "^1.7.2",
      "react-native-modal": "^7.0.1",
      "react-native-slider": "^0.11.0",
      "react-native-video": "^4.1.0",
      "react-navigation": "^3.0.0",
      "react-redux": "^5.1.1",
      "redux": "^4.0.1",
      "redux-thunk": "^2.3.0",
    },
    "devDependencies": {
      "babel-eslint": "^10.0.1",
      "babel-preset-expo": "^5.0.0",
      "eslint": "^5.8.0",
      "eslint-config-airbnb": "^17.1.0",
      "eslint-plugin-import": "^2.14.0",
      "eslint-plugin-jsx-a11y": "^6.1.2",
      "eslint-plugin-react": "^7.11.1"
    }
  }

yarn manifest: 
  No manifest

Lockfile: 
  No lockfile
